#-----------------------------------------------------------
# Vivado v2024.2 (64-bit)
# SW Build 5239630 on Fri Nov 08 22:35:27 MST 2024
# IP Build 5239520 on Sun Nov 10 16:12:51 MST 2024
# SharedData Build 5239561 on Fri Nov 08 14:39:27 MST 2024
# Start of session at: Thu Mar 27 17:22:36 2025
# Process ID         : 10304
# Current directory  : C:/Users/rajma/Desktop/verilog/basic codes/switch
# Command line       : vivado.exe -gui_launcher_event rodinguilauncherevent3752 C:\Users\rajma\Desktop\verilog\basic codes\switch\switch.xpr
# Log file           : C:/Users/rajma/Desktop/verilog/basic codes/switch/vivado.log
# Journal file       : C:/Users/rajma/Desktop/verilog/basic codes/switch\vivado.jou
# Running On         : Stoic
# Platform           : Windows Server 2016 or Windows 10
# Operating System   : 26100
# Processor Detail   : 12th Gen Intel(R) Core(TM) i5-12500H
# CPU Frequency      : 3110 MHz
# CPU Physical cores : 12
# CPU Logical cores  : 16
# Host memory        : 16846 MB
# Swap memory        : 10200 MB
# Total Virtual      : 27047 MB
# Available Virtual  : 14738 MB
#-----------------------------------------------------------
start_gui
open_project {C:/Users/rajma/Desktop/verilog/basic codes/switch/switch.xpr}
INFO: [Project 1-313] Project file moved from 'C:/Users/rajma/switch' since last save.
INFO: [filemgmt 56-3] Default IP Output Path : Could not find the directory 'C:/Users/rajma/Desktop/verilog/basic codes/switch/switch.gen/sources_1'.
WARNING: [Project 1-312] File not found as 'C:/Users/rajma/Desktop/verilog/basic codes/Downloads/boolean.xdc'; using path 'C:/Users/rajma/Downloads/boolean.xdc' instead.
Scanning sources...
Finished scanning sources
WARNING: [Project 1-312] File not found as 'C:/Users/rajma/Desktop/verilog/basic codes/Downloads/boolean.xdc'; using path 'C:/Users/rajma/Downloads/boolean.xdc' instead.
WARNING: [Project 1-312] File not found as 'C:/Users/rajma/Desktop/verilog/basic codes/Downloads/boolean.xdc'; using path 'C:/Users/rajma/Downloads/boolean.xdc' instead.
INFO: [IP_Flow 19-234] Refreshing IP repositories
INFO: [IP_Flow 19-1704] No user IP repositories specified
INFO: [IP_Flow 19-2313] Loaded Vivado IP repository 'C:/Xilinx/Vivado/2024.2/data/ip'.
open_project: Time (s): cpu = 00:00:17 ; elapsed = 00:00:07 . Memory (MB): peak = 1257.855 ; gain = 141.305
update_compile_order -fileset sources_1
exit
INFO: [Common 17-206] Exiting Vivado at Thu Mar 27 22:57:08 2025...
